<?xml version="1.0" encoding="UTF-8"?>
<!-- Generated by org.testng.reporters.JUnitXMLReporter -->
<testsuite ignored="0" hostname="LAPTOP-EPLP61U0" failures="0" tests="2" name="ChromeGoogleSearch" time="12.428" errors="0" timestamp="25 Mar 2021 00:36:28 GMT">
  <testcase classname="ExcerciseGroup.ExcerciseArtifactProject.startTest" name="searchWithEnteredTerms" time="3.782"/>
  <testcase classname="ExcerciseGroup.ExcerciseArtifactProject.startTest" name="searchdynamicOptions" time="4.607"/>
</testsuite> <!-- ChromeGoogleSearch -->
