<?xml version="1.0" encoding="UTF-8"?>
<testng-results ignored="0" total="1" passed="1" failed="0" skipped="0">
  <reporter-output>
  </reporter-output>
  <suite started-at="2021-03-24T21:48:52Z" name="Surefire suite" finished-at="2021-03-24T21:48:53Z" duration-ms="56">
    <groups>
    </groups>
    <test started-at="2021-03-24T21:48:52Z" name="Surefire test" finished-at="2021-03-24T21:48:53Z" duration-ms="56">
      <class name="ExcerciseGroup.ExcerciseArtifactProject.AppTest">
        <test-method signature="shouldAnswerWithTrue()" started-at="2021-03-24T17:48:53Z" name="shouldAnswerWithTrue" finished-at="2021-03-24T17:48:53Z" duration-ms="7" status="PASS">
          <reporter-output>
          </reporter-output>
        </test-method> <!-- shouldAnswerWithTrue -->
      </class> <!-- ExcerciseGroup.ExcerciseArtifactProject.AppTest -->
    </test> <!-- Surefire test -->
  </suite> <!-- Surefire suite -->
</testng-results>
