<?xml version="1.0" encoding="UTF-8"?>
<!-- Generated by org.testng.reporters.JUnitXMLReporter -->
<testsuite ignored="0" hostname="LAPTOP-EPLP61U0" failures="0" tests="2" name="Test" time="0.047" errors="0" timestamp="24 Mar 2021 23:12:06 GMT">
  <testcase classname="ExcerciseGroup.ExcerciseArtifactProject.startTest" name="@BeforeTest setUp" time="0.013">
    <failure type="java.lang.Exception" message="Browser is not correct">
      <![CDATA[java.lang.Exception: Browser is not correctat ExcerciseGroup.ExcerciseArtifactProject.startTest.setUp(startTest.java:46)... Removed 24 stack frames]]>
    </failure>
  </testcase> <!-- @BeforeTest setUp -->
  <testcase classname="ExcerciseGroup.ExcerciseArtifactProject.startTest" name="@AfterTest tearDown" time="0.0">
    <skipped/>
  </testcase> <!-- @AfterTest tearDown -->
  <testcase classname="ExcerciseGroup.ExcerciseArtifactProject.startTest" name="searchWithEnteredTerms" time="0.0">
    <skipped/>
  </testcase> <!-- searchWithEnteredTerms -->
  <testcase classname="ExcerciseGroup.ExcerciseArtifactProject.startTest" name="searchdynamicOptions" time="0.0">
    <skipped/>
  </testcase> <!-- searchdynamicOptions -->
</testsuite> <!-- Test -->
