<?xml version="1.0" encoding="UTF-8"?>
<!-- Generated by org.testng.reporters.JUnitXMLReporter -->
<testsuite ignored="0" hostname="LAPTOP-EPLP61U0" failures="0" tests="5" name="Test" time="0.84" errors="0" timestamp="25 Mar 2021 18:14:22 GMT">
  <testcase classname="com.test.GoogleVoiceTest" name="@BeforeClass setup" time="0.02">
    <failure type="java.lang.NullPointerException" message="Cannot invoke &amp;quot;com.sun.speech.freetts.Voice.allocate()&amp;quot; because &amp;quot;utilities.SpeakUtil.systemVoice&amp;quot; is null">
      <![CDATA[java.lang.NullPointerException: Cannot invoke "com.sun.speech.freetts.Voice.allocate()" because "utilities.SpeakUtil.systemVoice" is nullat utilities.SpeakUtil.allocate(SpeakUtil.java:11)at com.test.GoogleVoiceTest.setup(GoogleVoiceTest.java:23)... Removed 26 stack frames]]>
    </failure>
  </testcase> <!-- @BeforeClass setup -->
  <testcase classname="org.jboss.arquillian.testng.Arquillian" name="@BeforeMethod arquillianBeforeTest" time="0.0">
    <skipped/>
  </testcase> <!-- @BeforeMethod arquillianBeforeTest -->
  <testcase classname="org.jboss.arquillian.testng.Arquillian" name="@BeforeMethod arquillianBeforeTest" time="0.0">
    <skipped/>
  </testcase> <!-- @BeforeMethod arquillianBeforeTest -->
  <testcase classname="org.jboss.arquillian.testng.Arquillian" name="@BeforeMethod arquillianBeforeTest" time="0.0">
    <skipped/>
  </testcase> <!-- @BeforeMethod arquillianBeforeTest -->
  <testcase classname="org.jboss.arquillian.testng.Arquillian" name="@BeforeMethod arquillianBeforeTest" time="0.0">
    <skipped/>
  </testcase> <!-- @BeforeMethod arquillianBeforeTest -->
  <testcase classname="org.jboss.arquillian.testng.Arquillian" name="@BeforeMethod arquillianBeforeTest" time="0.0">
    <skipped/>
  </testcase> <!-- @BeforeMethod arquillianBeforeTest -->
  <testcase classname="com.test.GoogleVoiceTest" name="@AfterClass deallocate" time="0.0">
    <skipped/>
  </testcase> <!-- @AfterClass deallocate -->
  <testcase classname="com.test.GoogleVoiceTest" name="googleVoiceSearchTest" time="0.0">
    <skipped/>
  </testcase> <!-- googleVoiceSearchTest -->
  <testcase classname="com.test.GoogleVoiceTest" name="googleVoiceSearchTest" time="0.0">
    <skipped/>
  </testcase> <!-- googleVoiceSearchTest -->
  <testcase classname="com.test.GoogleVoiceTest" name="googleVoiceSearchTest" time="0.0">
    <skipped/>
  </testcase> <!-- googleVoiceSearchTest -->
  <testcase classname="com.test.GoogleVoiceTest" name="googleVoiceSearchTest" time="0.0">
    <skipped/>
  </testcase> <!-- googleVoiceSearchTest -->
  <testcase classname="com.test.GoogleVoiceTest" name="googleVoiceSearchTest" time="0.0">
    <skipped/>
  </testcase> <!-- googleVoiceSearchTest -->
</testsuite> <!-- Test -->
