<?xml version="1.0" encoding="UTF-8"?>
<!-- Generated by org.testng.reporters.JUnitXMLReporter -->
<testsuite ignored="0" hostname="LAPTOP-EPLP61U0" failures="0" tests="2" name="ChromeGoogleSearch" time="12.901" errors="0" timestamp="25 Mar 2021 00:43:15 GMT">
  <testcase classname="ExcerciseGroup.ExcerciseArtifactProject.startTest" name="searchWithEnteredTerms" time="3.748"/>
  <testcase classname="ExcerciseGroup.ExcerciseArtifactProject.startTest" name="searchdynamicOptions" time="5.23"/>
</testsuite> <!-- ChromeGoogleSearch -->
