<?xml version="1.0" encoding="UTF-8"?>
<!-- Generated by org.testng.reporters.JUnitXMLReporter -->
<testsuite ignored="0" hostname="LAPTOP-EPLP61U0" failures="0" tests="2" name="EdgeGoogleSearch" time="15.708" errors="0" timestamp="25 Mar 2021 00:41:30 GMT">
  <testcase classname="ExcerciseGroup.ExcerciseArtifactProject.startTest" name="searchWithEnteredTerms" time="3.932"/>
  <testcase classname="ExcerciseGroup.ExcerciseArtifactProject.startTest" name="searchdynamicOptions" time="5.435"/>
</testsuite> <!-- EdgeGoogleSearch -->
