<?xml version="1.0" encoding="UTF-8"?>
<!-- Generated by org.testng.reporters.JUnitXMLReporter -->
<testsuite ignored="0" hostname="LAPTOP-EPLP61U0" failures="0" tests="2" name="ChromeGoogleSearch" time="16.854" errors="0" timestamp="26 Mar 2021 10:12:19 GMT">
  <testcase classname="com.test.SearchWithEnteredTerms" name="searchWithEnteredData" time="8.134"/>
  <testcase classname="com.test.SearchWithEnteredTerms" name="searchdynamicOptions" time="4.006"/>
</testsuite> <!-- ChromeGoogleSearch -->
