<?xml version="1.0" encoding="UTF-8"?>
<!-- Generated by org.testng.reporters.JUnitXMLReporter -->
<testsuite ignored="0" hostname="LAPTOP-EPLP61U0" failures="0" tests="2" name="FireFoxGoogleSearch" time="13.825" errors="0" timestamp="26 Mar 2021 10:12:51 GMT">
  <testcase classname="com.test.SearchWithEnteredTerms" name="searchWithEnteredData" time="3.837"/>
  <testcase classname="com.test.SearchWithEnteredTerms" name="searchdynamicOptions" time="2.344"/>
</testsuite> <!-- FireFoxGoogleSearch -->
