<?xml version="1.0" encoding="UTF-8"?>
<testsuite xmlns:xsi="http://www.w3.org/2001/XMLSchema-instance" xsi:noNamespaceSchemaLocation="https://maven.apache.org/surefire/maven-surefire-plugin/xsd/surefire-test-report.xsd" name="TestSuite" time="0.65" tests="4" errors="0" skipped="2" failures="1">
  <properties>
[...]
</properties>
  <testcase name="setUp" classname="ExcerciseGroup.ExcerciseArtifactProject.startTest" time="0.397">
    <failure message="Cannot find firefox binary in PATH. Make sure firefox is installed. OS appears to be: WIN10&#10;Build info: version: &apos;3.11.0&apos;, revision: &apos;e59cfb3&apos;, time: &apos;2018-03-11T20:26:55.152Z&apos;&#10;System info: host: &apos;LAPTOP-EPLP61U0&apos;, ip: &apos;10.0.0.190&apos;, os.name: &apos;Windows 10&apos;, os.arch: &apos;amd64&apos;, os.version: &apos;10.0&apos;, java.version: &apos;14.0.2&apos;&#10;Driver info: driver.version: FirefoxDriver" type="org.openqa.selenium.WebDriverException">org.openqa.selenium.WebDriverException: 
Cannot find firefox binary in PATH. Make sure firefox is installed. OS appears to be: WIN10
Build info: version: '3.11.0', revision: 'e59cfb3', time: '2018-03-11T20:26:55.152Z'
System info: host: 'LAPTOP-EPLP61U0', ip: '10.0.0.190', os.name: 'Windows 10', os.arch: 'amd64', os.version: '10.0', java.version: '14.0.2'
Driver info: driver.version: FirefoxDriver
	at ExcerciseGroup.ExcerciseArtifactProject.startTest.setUp(startTest.java:43)
</failure>
    <system-out><![CDATA[C:\Users\smita\eclipse-workspace\Exercise\ExcerciseArtifactProject
inside browser setting
]]></system-out>
  </testcase>
  <testcase name="searchdynamicOptions" classname="ExcerciseGroup.ExcerciseArtifactProject.startTest" time="0">
    <skipped message="Cannot find firefox binary in PATH. Make sure firefox is installed. OS appears to be: WIN10&#10;Build info: version: &apos;3.11.0&apos;, revision: &apos;e59cfb3&apos;, time: &apos;2018-03-11T20:26:55.152Z&apos;&#10;System info: host: &apos;LAPTOP-EPLP61U0&apos;, ip: &apos;10.0.0.190&apos;, os.name: &apos;Windows 10&apos;, os.arch: &apos;amd64&apos;, os.version: &apos;10.0&apos;, java.version: &apos;14.0.2&apos;&#10;Driver info: driver.version: FirefoxDriver"/>
  </testcase>
  <testcase name="tearDown" classname="ExcerciseGroup.ExcerciseArtifactProject.startTest" time="0">
    <skipped/>
  </testcase>
  <testcase name="shouldAnswerWithTrue on shouldAnswerWithTrue(ExcerciseGroup.ExcerciseArtifactProject.AppTest)" classname="ExcerciseGroup.ExcerciseArtifactProject.AppTest" time="0"/>
</testsuite>